Replace Part BAL1 6s_BALANCE_CONN in C:\Users\ethan\OneDrive\Documents\GitHub\DBF\PCB-Shield-Design\Design Files\PCB_Shield_v2\Shield_Schematic_v2.SchDoc with 6s_BALANCE_CONN from DBF.SchLib
Replace Part BAL2 8s_BALANCE_CONN in C:\Users\ethan\OneDrive\Documents\GitHub\DBF\PCB-Shield-Design\Design Files\PCB_Shield_v2\Shield_Schematic_v2.SchDoc with 8s_BALANCE_CONN from DBF.SchLib
Replace Part BNO080 BNO080 in C:\Users\ethan\OneDrive\Documents\GitHub\DBF\PCB-Shield-Design\Design Files\PCB_Shield_v2\Shield_Schematic_v2.SchDoc with BNO080 from DBF.SchLib
Replace Part BOARD SHIELD in C:\Users\ethan\OneDrive\Documents\GitHub\DBF\PCB-Shield-Design\Design Files\PCB_Shield_v2\Shield_Schematic_v2.SchDoc with SHIELD from DBF.SchLib
Replace Part C1 Cap (0603) in C:\Users\ethan\OneDrive\Documents\GitHub\DBF\PCB-Shield-Design\Design Files\PCB_Shield_v2\Shield_Schematic_v2.SchDoc with Cap (0603) from DBF.SchLib
Replace Part Cf Cap (0402) in C:\Users\ethan\OneDrive\Documents\GitHub\DBF\PCB-Shield-Design\Design Files\PCB_Shield_v2\Shield_Schematic_v2.SchDoc with Cap (0402) from DBF.SchLib
Replace Part Cin Cap (0805) in C:\Users\ethan\OneDrive\Documents\GitHub\DBF\PCB-Shield-Design\Design Files\PCB_Shield_v2\Shield_Schematic_v2.SchDoc with Cap (0805) from DBF.SchLib
Replace Part Cout Cap (1206) in C:\Users\ethan\OneDrive\Documents\GitHub\DBF\PCB-Shield-Design\Design Files\PCB_Shield_v2\Shield_Schematic_v2.SchDoc with Cap (1206) from DBF.SchLib
Replace Part Css Cap (0805) in C:\Users\ethan\OneDrive\Documents\GitHub\DBF\PCB-Shield-Design\Design Files\PCB_Shield_v2\Shield_Schematic_v2.SchDoc with Cap (0805) from DBF.SchLib
Replace Part D1 LED (0805) in C:\Users\ethan\OneDrive\Documents\GitHub\DBF\PCB-Shield-Design\Design Files\PCB_Shield_v2\Shield_Schematic_v2.SchDoc with LED (0805) from DBF.SchLib
Replace Part D2 LED (0805) in C:\Users\ethan\OneDrive\Documents\GitHub\DBF\PCB-Shield-Design\Design Files\PCB_Shield_v2\Shield_Schematic_v2.SchDoc with LED (0805) from DBF.SchLib
Replace Part J1 SERVO_PWR_CONN in C:\Users\ethan\OneDrive\Documents\GitHub\DBF\PCB-Shield-Design\Design Files\PCB_Shield_v2\Shield_Schematic_v2.SchDoc with SERVO_PWR_CONN from DBF.SchLib
Replace Part J2 CONN_09NO_SILK_FEMALE_PTH in C:\Users\ethan\OneDrive\Documents\GitHub\DBF\PCB-Shield-Design\Design Files\PCB_Shield_v2\Shield_Schematic_v2.SchDoc with CONN_09NO_SILK_FEMALE_PTH from DBF.SchLib
Replace Part JP1 JUMPER-SMT_2_NO_SILK in C:\Users\ethan\OneDrive\Documents\GitHub\DBF\PCB-Shield-Design\Design Files\PCB_Shield_v2\Shield_Schematic_v2.SchDoc with JUMPER-SMT_2_NO_SILK from DBF.SchLib
Replace Part LPS25HB LPS25HB in C:\Users\ethan\OneDrive\Documents\GitHub\DBF\PCB-Shield-Design\Design Files\PCB_Shield_v2\Shield_Schematic_v2.SchDoc with LPS25HB from DBF.SchLib
Replace Part R1 Res (0603) in C:\Users\ethan\OneDrive\Documents\GitHub\DBF\PCB-Shield-Design\Design Files\PCB_Shield_v2\Shield_Schematic_v2.SchDoc with Res (0603) from DBF.SchLib
Replace Part R2 Res (0603) in C:\Users\ethan\OneDrive\Documents\GitHub\DBF\PCB-Shield-Design\Design Files\PCB_Shield_v2\Shield_Schematic_v2.SchDoc with Res (0603) from DBF.SchLib
Replace Part R3 Res (0603) in C:\Users\ethan\OneDrive\Documents\GitHub\DBF\PCB-Shield-Design\Design Files\PCB_Shield_v2\Shield_Schematic_v2.SchDoc with Res (0603) from DBF.SchLib
Replace Part R4 Res (0603) in C:\Users\ethan\OneDrive\Documents\GitHub\DBF\PCB-Shield-Design\Design Files\PCB_Shield_v2\Shield_Schematic_v2.SchDoc with Res (0603) from DBF.SchLib
Replace Part RECEIVER 8_CHAN_SERVO in C:\Users\ethan\OneDrive\Documents\GitHub\DBF\PCB-Shield-Design\Design Files\PCB_Shield_v2\Shield_Schematic_v2.SchDoc with 8_CHAN_SERVO from DBF.SchLib
Replace Part Renb Res (0805) in C:\Users\ethan\OneDrive\Documents\GitHub\DBF\PCB-Shield-Design\Design Files\PCB_Shield_v2\Shield_Schematic_v2.SchDoc with Res (0805) from DBF.SchLib
Replace Part Rent Res (0805) in C:\Users\ethan\OneDrive\Documents\GitHub\DBF\PCB-Shield-Design\Design Files\PCB_Shield_v2\Shield_Schematic_v2.SchDoc with Res (0805) from DBF.SchLib
Replace Part Rfbb Res (0805) in C:\Users\ethan\OneDrive\Documents\GitHub\DBF\PCB-Shield-Design\Design Files\PCB_Shield_v2\Shield_Schematic_v2.SchDoc with Res (0805) from DBF.SchLib
Replace Part Rfbt Res (0805) in C:\Users\ethan\OneDrive\Documents\GitHub\DBF\PCB-Shield-Design\Design Files\PCB_Shield_v2\Shield_Schematic_v2.SchDoc with Res (0805) from DBF.SchLib
Replace Part Ron Res (0805) in C:\Users\ethan\OneDrive\Documents\GitHub\DBF\PCB-Shield-Design\Design Files\PCB_Shield_v2\Shield_Schematic_v2.SchDoc with Res (0805) from DBF.SchLib
Replace Part U1 LMZ12002TZ-ADJ/NOPB in C:\Users\ethan\OneDrive\Documents\GitHub\DBF\PCB-Shield-Design\Design Files\PCB_Shield_v2\Shield_Schematic_v2.SchDoc with LMZ12002TZ-ADJ/NOPB from DBF.SchLib
Replace Part uSD MICROSD in C:\Users\ethan\OneDrive\Documents\GitHub\DBF\PCB-Shield-Design\Design Files\PCB_Shield_v2\Shield_Schematic_v2.SchDoc with MICROSD from DBF.SchLib
Replace Part XT30 XT30_MALE in C:\Users\ethan\OneDrive\Documents\GitHub\DBF\PCB-Shield-Design\Design Files\PCB_Shield_v2\Shield_Schematic_v2.SchDoc with XT30_MALE from DBF.SchLib
