Importer Log Report
Project : SparkFun-Jumpers.Library.PrjPcb

Section : Analyze Document - C:\Users\ethan\OneDrive\Documents\GitHub\DBF\PCB-Shield-Design\Libraries\SparkFun-Eagle-Libraries-master\SparkFun-Jumpers.lbr
    Analyzing data of C:\Users\ethan\OneDrive\Documents\GitHub\DBF\PCB-Shield-Design\Libraries\SparkFun-Eagle-Libraries-master\SparkFun-Jumpers.lbr
    Load settings
    Load layers 147
    Load library
    Load Library library
    Load Library ""
    Load Packages 19
    ERROR: Unhandled typepackages3d
    Load Symbols 9
    Load DeviceSets 9
    ERROR: Unhandled typepackage3dinstances
    ERROR: Unhandled typepackage3dinstances
    ERROR: Unhandled typepackage3dinstances
    ERROR: Unhandled typepackage3dinstances
    ERROR: Unhandled typepackage3dinstances
    ERROR: Unhandled typepackage3dinstances
    ERROR: Unhandled typepackage3dinstances
    ERROR: Unhandled typepackage3dinstances
    ERROR: Unhandled typepackage3dinstances
    ERROR: Unhandled typepackage3dinstances
    ERROR: Unhandled typepackage3dinstances
    ERROR: Unhandled typepackage3dinstances
    ERROR: Unhandled typepackage3dinstances
    ERROR: Unhandled typepackage3dinstances
    ERROR: Unhandled typepackage3dinstances
    ERROR: Unhandled typepackage3dinstances
    ERROR: Unhandled typepackage3dinstances
    ERROR: Unhandled typepackage3dinstances
EndSection
