Importer Log Report
Project : MicroMod_SAMD51.PrjPcb

Section : Analyze Document - C:\Users\ethan\OneDrive\Documents\GitHub\DBF\PCB-Shield-Design\Reference Files\Import Files (EAGLE)\SAMD51\MicroMod_SAMD51.brd
    Analyzing data of C:\Users\ethan\OneDrive\Documents\GitHub\DBF\PCB-Shield-Design\Reference Files\Import Files (EAGLE)\SAMD51\MicroMod_SAMD51.brd
    Load settings
    Load layers 150
    Load board
    Load Library "SparkFun-Resistors"
    Load Packages 1
    Load Library "SparkFun-Capacitors"
    Load Packages 1
    Load Library "SparkFun-Aesthetics"
    Load Packages 6
    Load Library "SparkFun-Clocks"
    Load Packages 1
    Load Library "SparkFun-LED"
    Load Packages 1
    Load Library "SparkFun-MicroMod"
    Load Packages 4
    Load Library "SparkFun-Coils"
    Load Packages 1
    Load Library "Board Label"
    Load Packages 1
    Load Library "stat"
    Load Packages 1
    Load Library "SparkFun-IC-Microcontroller"
    Load Packages 1
    Load Library "SparkFun-DiscreteSemi"
    Load Packages 1
    ERROR: Unhandled typemfgpreviewcolors
    ERROR: Unhandled typeerrors
EndSection

Section : Analyze Document - C:\Users\ethan\OneDrive\Documents\GitHub\DBF\PCB-Shield-Design\Reference Files\Import Files (EAGLE)\SAMD51\MicroMod_SAMD51.sch
    Analyzing data of C:\Users\ethan\OneDrive\Documents\GitHub\DBF\PCB-Shield-Design\Reference Files\Import Files (EAGLE)\SAMD51\MicroMod_SAMD51.sch
    Load settings
    Load layers 150
    Load schematic
    Load Libraries 10
    Load Library "SparkFun-Aesthetics"
    Load Packages 24
    Load Symbols 8
    Load DeviceSets 7
    Load Library "SparkFun-Resistors"
    Load Packages 7
    Load Symbols 1
    Load DeviceSets 3
    Load Library "SparkFun-Capacitors"
    Load Packages 7
    Load Symbols 1
    Load DeviceSets 4
    Load Library "SparkFun-PowerSymbols"
    Load Packages 0
    Load Symbols 4
    Load DeviceSets 4
    Load Library "SparkFun-Clocks"
    Load Packages 5
    Load Symbols 1
    Load DeviceSets 1
    Load Library "SparkFun-LED"
    Load Packages 3
    Load Symbols 1
    Load DeviceSets 1
    Load Library "SparkFun-MicroMod"
    Load Packages 6
    Load Symbols 2
    Load DeviceSets 2
    Load Library "SparkFun-Coils"
    Load Packages 3
    Load Symbols 1
    Load DeviceSets 1
    Load Library "SparkFun-IC-Microcontroller"
    Load Packages 1
    Load Symbols 1
    Load DeviceSets 1
    Load Library "SparkFun-DiscreteSemi"
    Load Packages 6
    Load Symbols 1
    Load DeviceSets 1
    Load Attributes 0
    Load Classes 3
    Load Parts 47
    Load Sheets 1
EndSection
