Added Component: Designator=J1(1X04_NO_SILK)
Add component (AddParameter): Name = "DeviceName"; Value = "1X04_NO_SILK"; VariantName = "[No Variations]"
Add component (AddParameter): Name = "DeviceSetName"; Value = "CONN_04"; VariantName = "[No Variations]"
Add component (AddParameter): Name = "GateName_1"; Value = "J1"; VariantName = "[No Variations]"
Add component (AddParameter): Name = "LibraryName"; Value = "SparkFun-Connectors"; VariantName = "[No Variations]"
Add component (AddParameter): Name = "Package"; Value = "1X04_NO_SILK"; VariantName = "[No Variations]"
Add component (AddParameter): Name = "PROD_ID"; Value = "CONN-09696"; VariantName = "[No Variations]"
Add component (AddParameter): Name = "SymbolName_1"; Value = "CONN_04"; VariantName = "[No Variations]"
Added Component: Designator=J2(1X04_NO_SILK)
Add component (AddParameter): Name = "DeviceName"; Value = "1X04_NO_SILK"; VariantName = "[No Variations]"
Add component (AddParameter): Name = "DeviceSetName"; Value = "CONN_04"; VariantName = "[No Variations]"
Add component (AddParameter): Name = "GateName_1"; Value = "J1"; VariantName = "[No Variations]"
Add component (AddParameter): Name = "LibraryName"; Value = "SparkFun-Connectors"; VariantName = "[No Variations]"
Add component (AddParameter): Name = "Package"; Value = "1X04_NO_SILK"; VariantName = "[No Variations]"
Add component (AddParameter): Name = "PROD_ID"; Value = "CONN-09696"; VariantName = "[No Variations]"
Add component (AddParameter): Name = "SymbolName_1"; Value = "CONN_04"; VariantName = "[No Variations]"
Added Component: Designator=J3(1X08_NO_SILK)
Add component (AddParameter): Name = "DeviceName"; Value = "NO_SILK_FEMALE_PTH"; VariantName = "[No Variations]"
Add component (AddParameter): Name = "DeviceSetName"; Value = "CONN_08"; VariantName = "[No Variations]"
Add component (AddParameter): Name = "GateName_1"; Value = "G$1"; VariantName = "[No Variations]"
Add component (AddParameter): Name = "LibraryName"; Value = "SparkFun-Connectors"; VariantName = "[No Variations]"
Add component (AddParameter): Name = "Package"; Value = "1X08_NO_SILK"; VariantName = "[No Variations]"
Add component (AddParameter): Name = "PROD_ID"; Value = "CONN-08438"; VariantName = "[No Variations]"
Add component (AddParameter): Name = "SymbolName_1"; Value = "CONN_08"; VariantName = "[No Variations]"
Added Component: Designator=J4(1X08_NO_SILK)
Add component (AddParameter): Name = "DeviceName"; Value = "NO_SILK_FEMALE_PTH"; VariantName = "[No Variations]"
Add component (AddParameter): Name = "DeviceSetName"; Value = "CONN_08"; VariantName = "[No Variations]"
Add component (AddParameter): Name = "GateName_1"; Value = "G$1"; VariantName = "[No Variations]"
Add component (AddParameter): Name = "LibraryName"; Value = "SparkFun-Connectors"; VariantName = "[No Variations]"
Add component (AddParameter): Name = "Package"; Value = "1X08_NO_SILK"; VariantName = "[No Variations]"
Add component (AddParameter): Name = "PROD_ID"; Value = "CONN-08438"; VariantName = "[No Variations]"
Add component (AddParameter): Name = "SymbolName_1"; Value = "CONN_08"; VariantName = "[No Variations]"
Added Component: Designator=J5(1X08_NO_SILK)
Add component (AddParameter): Name = "DeviceName"; Value = "NO_SILK_FEMALE_PTH"; VariantName = "[No Variations]"
Add component (AddParameter): Name = "DeviceSetName"; Value = "CONN_08"; VariantName = "[No Variations]"
Add component (AddParameter): Name = "GateName_1"; Value = "G$1"; VariantName = "[No Variations]"
Add component (AddParameter): Name = "LibraryName"; Value = "SparkFun-Connectors"; VariantName = "[No Variations]"
Add component (AddParameter): Name = "Package"; Value = "1X08_NO_SILK"; VariantName = "[No Variations]"
Add component (AddParameter): Name = "PROD_ID"; Value = "CONN-08438"; VariantName = "[No Variations]"
Add component (AddParameter): Name = "SymbolName_1"; Value = "CONN_08"; VariantName = "[No Variations]"
Added Component: Designator=J6(1X08_NO_SILK)
Add component (AddParameter): Name = "DeviceName"; Value = "NO_SILK_FEMALE_PTH"; VariantName = "[No Variations]"
Add component (AddParameter): Name = "DeviceSetName"; Value = "CONN_08"; VariantName = "[No Variations]"
Add component (AddParameter): Name = "GateName_1"; Value = "G$1"; VariantName = "[No Variations]"
Add component (AddParameter): Name = "LibraryName"; Value = "SparkFun-Connectors"; VariantName = "[No Variations]"
Add component (AddParameter): Name = "Package"; Value = "1X08_NO_SILK"; VariantName = "[No Variations]"
Add component (AddParameter): Name = "PROD_ID"; Value = "CONN-08438"; VariantName = "[No Variations]"
Add component (AddParameter): Name = "SymbolName_1"; Value = "CONN_08"; VariantName = "[No Variations]"
Added Component: Designator=J7(1X05_NO_SILK)
Add component (AddParameter): Name = "DeviceName"; Value = "NO_SILK"; VariantName = "[No Variations]"
Add component (AddParameter): Name = "DeviceSetName"; Value = "CONN_05"; VariantName = "[No Variations]"
Add component (AddParameter): Name = "GateName_1"; Value = "G$1"; VariantName = "[No Variations]"
Add component (AddParameter): Name = "LibraryName"; Value = "SparkFun-Connectors"; VariantName = "[No Variations]"
Add component (AddParameter): Name = "Package"; Value = "1X05_NO_SILK"; VariantName = "[No Variations]"
Add component (AddParameter): Name = "SymbolName_1"; Value = "CONN_05"; VariantName = "[No Variations]"
Added Component: Designator=J8(1X05_NO_SILK)
Add component (AddParameter): Name = "DeviceName"; Value = "NO_SILK"; VariantName = "[No Variations]"
Add component (AddParameter): Name = "DeviceSetName"; Value = "CONN_05"; VariantName = "[No Variations]"
Add component (AddParameter): Name = "GateName_1"; Value = "G$1"; VariantName = "[No Variations]"
Add component (AddParameter): Name = "LibraryName"; Value = "SparkFun-Connectors"; VariantName = "[No Variations]"
Add component (AddParameter): Name = "Package"; Value = "1X05_NO_SILK"; VariantName = "[No Variations]"
Add component (AddParameter): Name = "SymbolName_1"; Value = "CONN_05"; VariantName = "[No Variations]"
Added Component: Designator=J9(1X04_NO_SILK)
Add component (AddParameter): Name = "DeviceName"; Value = "1X04_NO_SILK"; VariantName = "[No Variations]"
Add component (AddParameter): Name = "DeviceSetName"; Value = "CONN_04"; VariantName = "[No Variations]"
Add component (AddParameter): Name = "GateName_1"; Value = "J1"; VariantName = "[No Variations]"
Add component (AddParameter): Name = "LibraryName"; Value = "SparkFun-Connectors"; VariantName = "[No Variations]"
Add component (AddParameter): Name = "Package"; Value = "1X04_NO_SILK"; VariantName = "[No Variations]"
Add component (AddParameter): Name = "PROD_ID"; Value = "CONN-09696"; VariantName = "[No Variations]"
Add component (AddParameter): Name = "SymbolName_1"; Value = "CONN_04"; VariantName = "[No Variations]"
Added Component: Designator=J10(1X04_NO_SILK)
Add component (AddParameter): Name = "DeviceName"; Value = "1X04_NO_SILK"; VariantName = "[No Variations]"
Add component (AddParameter): Name = "DeviceSetName"; Value = "CONN_04"; VariantName = "[No Variations]"
Add component (AddParameter): Name = "GateName_1"; Value = "J1"; VariantName = "[No Variations]"
Add component (AddParameter): Name = "LibraryName"; Value = "SparkFun-Connectors"; VariantName = "[No Variations]"
Add component (AddParameter): Name = "Package"; Value = "1X04_NO_SILK"; VariantName = "[No Variations]"
Add component (AddParameter): Name = "PROD_ID"; Value = "CONN-09696"; VariantName = "[No Variations]"
Add component (AddParameter): Name = "SymbolName_1"; Value = "CONN_04"; VariantName = "[No Variations]"
Added Component: Designator=J11(1X08_NO_SILK)
Add component (AddParameter): Name = "DeviceName"; Value = "NO_SILK_FEMALE_PTH"; VariantName = "[No Variations]"
Add component (AddParameter): Name = "DeviceSetName"; Value = "CONN_08"; VariantName = "[No Variations]"
Add component (AddParameter): Name = "GateName_1"; Value = "G$1"; VariantName = "[No Variations]"
Add component (AddParameter): Name = "LibraryName"; Value = "SparkFun-Connectors"; VariantName = "[No Variations]"
Add component (AddParameter): Name = "Package"; Value = "1X08_NO_SILK"; VariantName = "[No Variations]"
Add component (AddParameter): Name = "PROD_ID"; Value = "CONN-08438"; VariantName = "[No Variations]"
Add component (AddParameter): Name = "SymbolName_1"; Value = "CONN_08"; VariantName = "[No Variations]"
Added Component: Designator=J12(1X08_NO_SILK)
Add component (AddParameter): Name = "DeviceName"; Value = "NO_SILK_FEMALE_PTH"; VariantName = "[No Variations]"
Add component (AddParameter): Name = "DeviceSetName"; Value = "CONN_08"; VariantName = "[No Variations]"
Add component (AddParameter): Name = "GateName_1"; Value = "G$1"; VariantName = "[No Variations]"
Add component (AddParameter): Name = "LibraryName"; Value = "SparkFun-Connectors"; VariantName = "[No Variations]"
Add component (AddParameter): Name = "Package"; Value = "1X08_NO_SILK"; VariantName = "[No Variations]"
Add component (AddParameter): Name = "PROD_ID"; Value = "CONN-08438"; VariantName = "[No Variations]"
Add component (AddParameter): Name = "SymbolName_1"; Value = "CONN_08"; VariantName = "[No Variations]"
Added Component: Designator=J13(1X08_NO_SILK)
Add component (AddParameter): Name = "DeviceName"; Value = "NO_SILK_FEMALE_PTH"; VariantName = "[No Variations]"
Add component (AddParameter): Name = "DeviceSetName"; Value = "CONN_08"; VariantName = "[No Variations]"
Add component (AddParameter): Name = "GateName_1"; Value = "G$1"; VariantName = "[No Variations]"
Add component (AddParameter): Name = "LibraryName"; Value = "SparkFun-Connectors"; VariantName = "[No Variations]"
Add component (AddParameter): Name = "Package"; Value = "1X08_NO_SILK"; VariantName = "[No Variations]"
Add component (AddParameter): Name = "PROD_ID"; Value = "CONN-08438"; VariantName = "[No Variations]"
Add component (AddParameter): Name = "SymbolName_1"; Value = "CONN_08"; VariantName = "[No Variations]"
Added Component: Designator=J14(1X08_NO_SILK)
Add component (AddParameter): Name = "DeviceName"; Value = "NO_SILK_FEMALE_PTH"; VariantName = "[No Variations]"
Add component (AddParameter): Name = "DeviceSetName"; Value = "CONN_08"; VariantName = "[No Variations]"
Add component (AddParameter): Name = "GateName_1"; Value = "G$1"; VariantName = "[No Variations]"
Add component (AddParameter): Name = "LibraryName"; Value = "SparkFun-Connectors"; VariantName = "[No Variations]"
Add component (AddParameter): Name = "Package"; Value = "1X08_NO_SILK"; VariantName = "[No Variations]"
Add component (AddParameter): Name = "PROD_ID"; Value = "CONN-08438"; VariantName = "[No Variations]"
Add component (AddParameter): Name = "SymbolName_1"; Value = "CONN_08"; VariantName = "[No Variations]"
Added Component: Designator=J15(1X12)
Add component (AddParameter): Name = "DeviceName"; Value = ""; VariantName = "[No Variations]"
Add component (AddParameter): Name = "DeviceSetName"; Value = "CONN_12"; VariantName = "[No Variations]"
Add component (AddParameter): Name = "GateName_1"; Value = "G$1"; VariantName = "[No Variations]"
Add component (AddParameter): Name = "LibraryName"; Value = "SparkFun-Connectors"; VariantName = "[No Variations]"
Add component (AddParameter): Name = "Package"; Value = "1X12"; VariantName = "[No Variations]"
Add component (AddParameter): Name = "SymbolName_1"; Value = "CONN_12"; VariantName = "[No Variations]"
Added Component: Designator=J16(1X12)
Add component (AddParameter): Name = "DeviceName"; Value = ""; VariantName = "[No Variations]"
Add component (AddParameter): Name = "DeviceSetName"; Value = "CONN_12"; VariantName = "[No Variations]"
Add component (AddParameter): Name = "GateName_1"; Value = "G$1"; VariantName = "[No Variations]"
Add component (AddParameter): Name = "LibraryName"; Value = "SparkFun-Connectors"; VariantName = "[No Variations]"
Add component (AddParameter): Name = "Package"; Value = "1X12"; VariantName = "[No Variations]"
Add component (AddParameter): Name = "SymbolName_1"; Value = "CONN_12"; VariantName = "[No Variations]"
Added Net: Name=3V3
Added Net: Name=\
Added Net: Name=A0
Added Net: Name=A1
Added Net: Name=CAN RX
Added Net: Name=CAN TX
Added Net: Name=CIPO1
Added Net: Name=CIPO
Added Net: Name=COPI1
Added Net: Name=COPI
Added Net: Name=CS1
Added Net: Name=CS
Added Net: Name=CTS
Added Net: Name=D0
Added Net: Name=D1
Added Net: Name=DAT1
Added Net: Name=DAT2
Added Net: Name=G0
Added Net: Name=G1
Added Net: Name=G3
Added Net: Name=G4
Added Net: Name=G5
Added Net: Name=G6
Added Net: Name=G7
Added Net: Name=G8
Added Net: Name=G9
Added Net: Name=G10
Added Net: Name=G11
Added Net: Name=GND
Added Net: Name=I2C CLK
Added Net: Name=I2C FS
Added Net: Name=I2C INT
Added Net: Name=I2C SDI
Added Net: Name=I2C SDO
Added Net: Name=MCLK
Added Net: Name=PWM0
Added Net: Name=PWM1
Added Net: Name=RESET
Added Net: Name=RTS
Added Net: Name=RX2
Added Net: Name=RX
Added Net: Name=SCK1
Added Net: Name=SCK
Added Net: Name=SCL1
Added Net: Name=SCL
Added Net: Name=SDA1
Added Net: Name=SDA
Added Net: Name=TX2
Added Net: Name=VIN
Added Class: Name=Shield_Schematic
