Added Component: Designator=J1(1X04_NO_SILK)
Add component (AddParameter): Name = "DeviceName"; Value = "1X04_NO_SILK"; VariantName = "[No Variations]"
Add component (AddParameter): Name = "DeviceSetName"; Value = "CONN_04"; VariantName = "[No Variations]"
Add component (AddParameter): Name = "GateName_1"; Value = "J1"; VariantName = "[No Variations]"
Add component (AddParameter): Name = "LibraryName"; Value = "SparkFun-Connectors"; VariantName = "[No Variations]"
Add component (AddParameter): Name = "Package"; Value = "1X04_NO_SILK"; VariantName = "[No Variations]"
Add component (AddParameter): Name = "PROD_ID"; Value = "CONN-09696"; VariantName = "[No Variations]"
Add component (AddParameter): Name = "SymbolName_1"; Value = "CONN_04"; VariantName = "[No Variations]"
Added Component: Designator=J2(1X04_NO_SILK)
Add component (AddParameter): Name = "DeviceName"; Value = "1X04_NO_SILK"; VariantName = "[No Variations]"
Add component (AddParameter): Name = "DeviceSetName"; Value = "CONN_04"; VariantName = "[No Variations]"
Add component (AddParameter): Name = "GateName_1"; Value = "J1"; VariantName = "[No Variations]"
Add component (AddParameter): Name = "LibraryName"; Value = "SparkFun-Connectors"; VariantName = "[No Variations]"
Add component (AddParameter): Name = "Package"; Value = "1X04_NO_SILK"; VariantName = "[No Variations]"
Add component (AddParameter): Name = "PROD_ID"; Value = "CONN-09696"; VariantName = "[No Variations]"
Add component (AddParameter): Name = "SymbolName_1"; Value = "CONN_04"; VariantName = "[No Variations]"
Added Component: Designator=J3(1X08_NO_SILK)
Add component (AddParameter): Name = "DeviceName"; Value = "NO_SILK_FEMALE_PTH"; VariantName = "[No Variations]"
Add component (AddParameter): Name = "DeviceSetName"; Value = "CONN_08"; VariantName = "[No Variations]"
Add component (AddParameter): Name = "GateName_1"; Value = "G$1"; VariantName = "[No Variations]"
Add component (AddParameter): Name = "LibraryName"; Value = "SparkFun-Connectors"; VariantName = "[No Variations]"
Add component (AddParameter): Name = "Package"; Value = "1X08_NO_SILK"; VariantName = "[No Variations]"
Add component (AddParameter): Name = "PROD_ID"; Value = "CONN-08438"; VariantName = "[No Variations]"
Add component (AddParameter): Name = "SymbolName_1"; Value = "CONN_08"; VariantName = "[No Variations]"
Added Component: Designator=J4(1X08_NO_SILK)
Add component (AddParameter): Name = "DeviceName"; Value = "NO_SILK_FEMALE_PTH"; VariantName = "[No Variations]"
Add component (AddParameter): Name = "DeviceSetName"; Value = "CONN_08"; VariantName = "[No Variations]"
Add component (AddParameter): Name = "GateName_1"; Value = "G$1"; VariantName = "[No Variations]"
Add component (AddParameter): Name = "LibraryName"; Value = "SparkFun-Connectors"; VariantName = "[No Variations]"
Add component (AddParameter): Name = "Package"; Value = "1X08_NO_SILK"; VariantName = "[No Variations]"
Add component (AddParameter): Name = "PROD_ID"; Value = "CONN-08438"; VariantName = "[No Variations]"
Add component (AddParameter): Name = "SymbolName_1"; Value = "CONN_08"; VariantName = "[No Variations]"
Added Component: Designator=J5(1X08_NO_SILK)
Add component (AddParameter): Name = "DeviceName"; Value = "NO_SILK_FEMALE_PTH"; VariantName = "[No Variations]"
Add component (AddParameter): Name = "DeviceSetName"; Value = "CONN_08"; VariantName = "[No Variations]"
Add component (AddParameter): Name = "GateName_1"; Value = "G$1"; VariantName = "[No Variations]"
Add component (AddParameter): Name = "LibraryName"; Value = "SparkFun-Connectors"; VariantName = "[No Variations]"
Add component (AddParameter): Name = "Package"; Value = "1X08_NO_SILK"; VariantName = "[No Variations]"
Add component (AddParameter): Name = "PROD_ID"; Value = "CONN-08438"; VariantName = "[No Variations]"
Add component (AddParameter): Name = "SymbolName_1"; Value = "CONN_08"; VariantName = "[No Variations]"
Added Component: Designator=J6(1X08_NO_SILK)
Add component (AddParameter): Name = "DeviceName"; Value = "NO_SILK_FEMALE_PTH"; VariantName = "[No Variations]"
Add component (AddParameter): Name = "DeviceSetName"; Value = "CONN_08"; VariantName = "[No Variations]"
Add component (AddParameter): Name = "GateName_1"; Value = "G$1"; VariantName = "[No Variations]"
Add component (AddParameter): Name = "LibraryName"; Value = "SparkFun-Connectors"; VariantName = "[No Variations]"
Add component (AddParameter): Name = "Package"; Value = "1X08_NO_SILK"; VariantName = "[No Variations]"
Add component (AddParameter): Name = "PROD_ID"; Value = "CONN-08438"; VariantName = "[No Variations]"
Add component (AddParameter): Name = "SymbolName_1"; Value = "CONN_08"; VariantName = "[No Variations]"
Added Component: Designator=J7(1X05_NO_SILK)
Add component (AddParameter): Name = "DeviceName"; Value = "NO_SILK"; VariantName = "[No Variations]"
Add component (AddParameter): Name = "DeviceSetName"; Value = "CONN_05"; VariantName = "[No Variations]"
Add component (AddParameter): Name = "GateName_1"; Value = "G$1"; VariantName = "[No Variations]"
Add component (AddParameter): Name = "LibraryName"; Value = "SparkFun-Connectors"; VariantName = "[No Variations]"
Add component (AddParameter): Name = "Package"; Value = "1X05_NO_SILK"; VariantName = "[No Variations]"
Add component (AddParameter): Name = "SymbolName_1"; Value = "CONN_05"; VariantName = "[No Variations]"
Added Component: Designator=J8(1X05_NO_SILK)
Add component (AddParameter): Name = "DeviceName"; Value = "NO_SILK"; VariantName = "[No Variations]"
Add component (AddParameter): Name = "DeviceSetName"; Value = "CONN_05"; VariantName = "[No Variations]"
Add component (AddParameter): Name = "GateName_1"; Value = "G$1"; VariantName = "[No Variations]"
Add component (AddParameter): Name = "LibraryName"; Value = "SparkFun-Connectors"; VariantName = "[No Variations]"
Add component (AddParameter): Name = "Package"; Value = "1X05_NO_SILK"; VariantName = "[No Variations]"
Add component (AddParameter): Name = "SymbolName_1"; Value = "CONN_05"; VariantName = "[No Variations]"
Added Component: Designator=J9(1X04_NO_SILK)
Add component (AddParameter): Name = "DeviceName"; Value = "1X04_NO_SILK"; VariantName = "[No Variations]"
Add component (AddParameter): Name = "DeviceSetName"; Value = "CONN_04"; VariantName = "[No Variations]"
Add component (AddParameter): Name = "GateName_1"; Value = "J1"; VariantName = "[No Variations]"
Add component (AddParameter): Name = "LibraryName"; Value = "SparkFun-Connectors"; VariantName = "[No Variations]"
Add component (AddParameter): Name = "Package"; Value = "1X04_NO_SILK"; VariantName = "[No Variations]"
Add component (AddParameter): Name = "PROD_ID"; Value = "CONN-09696"; VariantName = "[No Variations]"
Add component (AddParameter): Name = "SymbolName_1"; Value = "CONN_04"; VariantName = "[No Variations]"
Added Component: Designator=J10(1X04_NO_SILK)
Add component (AddParameter): Name = "DeviceName"; Value = "1X04_NO_SILK"; VariantName = "[No Variations]"
Add component (AddParameter): Name = "DeviceSetName"; Value = "CONN_04"; VariantName = "[No Variations]"
Add component (AddParameter): Name = "GateName_1"; Value = "J1"; VariantName = "[No Variations]"
Add component (AddParameter): Name = "LibraryName"; Value = "SparkFun-Connectors"; VariantName = "[No Variations]"
Add component (AddParameter): Name = "Package"; Value = "1X04_NO_SILK"; VariantName = "[No Variations]"
Add component (AddParameter): Name = "PROD_ID"; Value = "CONN-09696"; VariantName = "[No Variations]"
Add component (AddParameter): Name = "SymbolName_1"; Value = "CONN_04"; VariantName = "[No Variations]"
Added Component: Designator=J11(1X08_NO_SILK)
Add component (AddParameter): Name = "DeviceName"; Value = "NO_SILK_FEMALE_PTH"; VariantName = "[No Variations]"
Add component (AddParameter): Name = "DeviceSetName"; Value = "CONN_08"; VariantName = "[No Variations]"
Add component (AddParameter): Name = "GateName_1"; Value = "G$1"; VariantName = "[No Variations]"
Add component (AddParameter): Name = "LibraryName"; Value = "SparkFun-Connectors"; VariantName = "[No Variations]"
Add component (AddParameter): Name = "Package"; Value = "1X08_NO_SILK"; VariantName = "[No Variations]"
Add component (AddParameter): Name = "PROD_ID"; Value = "CONN-08438"; VariantName = "[No Variations]"
Add component (AddParameter): Name = "SymbolName_1"; Value = "CONN_08"; VariantName = "[No Variations]"
Added Component: Designator=J12(1X08_NO_SILK)
Add component (AddParameter): Name = "DeviceName"; Value = "NO_SILK_FEMALE_PTH"; VariantName = "[No Variations]"
Add component (AddParameter): Name = "DeviceSetName"; Value = "CONN_08"; VariantName = "[No Variations]"
Add component (AddParameter): Name = "GateName_1"; Value = "G$1"; VariantName = "[No Variations]"
Add component (AddParameter): Name = "LibraryName"; Value = "SparkFun-Connectors"; VariantName = "[No Variations]"
Add component (AddParameter): Name = "Package"; Value = "1X08_NO_SILK"; VariantName = "[No Variations]"
Add component (AddParameter): Name = "PROD_ID"; Value = "CONN-08438"; VariantName = "[No Variations]"
Add component (AddParameter): Name = "SymbolName_1"; Value = "CONN_08"; VariantName = "[No Variations]"
Added Component: Designator=J13(1X08_NO_SILK)
Add component (AddParameter): Name = "DeviceName"; Value = "NO_SILK_FEMALE_PTH"; VariantName = "[No Variations]"
Add component (AddParameter): Name = "DeviceSetName"; Value = "CONN_08"; VariantName = "[No Variations]"
Add component (AddParameter): Name = "GateName_1"; Value = "G$1"; VariantName = "[No Variations]"
Add component (AddParameter): Name = "LibraryName"; Value = "SparkFun-Connectors"; VariantName = "[No Variations]"
Add component (AddParameter): Name = "Package"; Value = "1X08_NO_SILK"; VariantName = "[No Variations]"
Add component (AddParameter): Name = "PROD_ID"; Value = "CONN-08438"; VariantName = "[No Variations]"
Add component (AddParameter): Name = "SymbolName_1"; Value = "CONN_08"; VariantName = "[No Variations]"
Added Component: Designator=J14(1X08_NO_SILK)
Add component (AddParameter): Name = "DeviceName"; Value = "NO_SILK_FEMALE_PTH"; VariantName = "[No Variations]"
Add component (AddParameter): Name = "DeviceSetName"; Value = "CONN_08"; VariantName = "[No Variations]"
Add component (AddParameter): Name = "GateName_1"; Value = "G$1"; VariantName = "[No Variations]"
Add component (AddParameter): Name = "LibraryName"; Value = "SparkFun-Connectors"; VariantName = "[No Variations]"
Add component (AddParameter): Name = "Package"; Value = "1X08_NO_SILK"; VariantName = "[No Variations]"
Add component (AddParameter): Name = "PROD_ID"; Value = "CONN-08438"; VariantName = "[No Variations]"
Add component (AddParameter): Name = "SymbolName_1"; Value = "CONN_08"; VariantName = "[No Variations]"
Added Component: Designator=J15(1X12_NO_SILK)
Add component (AddParameter): Name = "DeviceName"; Value = "NO_SILK"; VariantName = "[No Variations]"
Add component (AddParameter): Name = "DeviceSetName"; Value = "CONN_12"; VariantName = "[No Variations]"
Add component (AddParameter): Name = "GateName_1"; Value = "G$1"; VariantName = "[No Variations]"
Add component (AddParameter): Name = "LibraryName"; Value = "SparkFun-Connectors"; VariantName = "[No Variations]"
Add component (AddParameter): Name = "Package"; Value = "1X12_NO_SILK"; VariantName = "[No Variations]"
Add component (AddParameter): Name = "SymbolName_1"; Value = "CONN_12"; VariantName = "[No Variations]"
Added Component: Designator=J16(1X12_NO_SILK)
Add component (AddParameter): Name = "DeviceName"; Value = "NO_SILK"; VariantName = "[No Variations]"
Add component (AddParameter): Name = "DeviceSetName"; Value = "CONN_12"; VariantName = "[No Variations]"
Add component (AddParameter): Name = "GateName_1"; Value = "G$1"; VariantName = "[No Variations]"
Add component (AddParameter): Name = "LibraryName"; Value = "SparkFun-Connectors"; VariantName = "[No Variations]"
Add component (AddParameter): Name = "Package"; Value = "1X12_NO_SILK"; VariantName = "[No Variations]"
Add component (AddParameter): Name = "SymbolName_1"; Value = "CONN_12"; VariantName = "[No Variations]"
Added Pin To Net: NetName=3V3 Pin=J1-3
Added Pin To Net: NetName=3V3 Pin=J2-3
Added Pin To Net: NetName=3V3 Pin=J7-2
Added Pin To Net: NetName=3V3 Pin=J8-2
Added Pin To Net: NetName=3V3 Pin=J9-2
Added Pin To Net: NetName=3V3 Pin=J10-2
Added Pin To Net: NetName=3V3 Pin=J15-12
Added Pin To Net: NetName=3V3 Pin=J16-12
Added Net: Name=3V3
Added Pin To Net: NetName=\ Pin=J5-8
Added Pin To Net: NetName=\ Pin=J6-8
Added Net: Name=\
Added Pin To Net: NetName=A0 Pin=J3-8
Added Pin To Net: NetName=A0 Pin=J4-8
Added Net: Name=A0
Added Pin To Net: NetName=A1 Pin=J3-7
Added Pin To Net: NetName=A1 Pin=J4-7
Added Net: Name=A1
Added Pin To Net: NetName=CAN RX Pin=J11-7
Added Pin To Net: NetName=CAN RX Pin=J12-7
Added Net: Name=CAN RX
Added Pin To Net: NetName=CAN TX Pin=J11-6
Added Pin To Net: NetName=CAN TX Pin=J12-6
Added Net: Name=CAN TX
Added Pin To Net: NetName=CIPO1 Pin=J15-3
Added Pin To Net: NetName=CIPO1 Pin=J16-3
Added Net: Name=CIPO1
Added Pin To Net: NetName=CIPO Pin=J15-7
Added Pin To Net: NetName=CIPO Pin=J16-7
Added Net: Name=CIPO
Added Pin To Net: NetName=COPI1 Pin=J15-2
Added Pin To Net: NetName=COPI1 Pin=J16-2
Added Net: Name=COPI1
Added Pin To Net: NetName=COPI Pin=J15-8
Added Pin To Net: NetName=COPI Pin=J16-8
Added Net: Name=COPI
Added Pin To Net: NetName=CS1 Pin=J15-6
Added Pin To Net: NetName=CS1 Pin=J16-6
Added Net: Name=CS1
Added Pin To Net: NetName=CS Pin=J15-10
Added Pin To Net: NetName=CS Pin=J16-10
Added Net: Name=CS
Added Pin To Net: NetName=CTS Pin=J13-2
Added Pin To Net: NetName=CTS Pin=J14-2
Added Net: Name=CTS
Added Pin To Net: NetName=D0 Pin=J11-3
Added Pin To Net: NetName=D0 Pin=J12-3
Added Net: Name=D0
Added Pin To Net: NetName=D1 Pin=J11-2
Added Pin To Net: NetName=D1 Pin=J12-2
Added Net: Name=D1
Added Pin To Net: NetName=DAT1 Pin=J15-4
Added Pin To Net: NetName=DAT1 Pin=J16-4
Added Net: Name=DAT1
Added Pin To Net: NetName=DAT2 Pin=J15-5
Added Pin To Net: NetName=DAT2 Pin=J16-5
Added Net: Name=DAT2
Added Pin To Net: NetName=G0 Pin=J3-2
Added Pin To Net: NetName=G0 Pin=J4-2
Added Net: Name=G0
Added Pin To Net: NetName=G1 Pin=J3-1
Added Pin To Net: NetName=G1 Pin=J4-1
Added Net: Name=G1
Added Pin To Net: NetName=G3 Pin=J5-7
Added Pin To Net: NetName=G3 Pin=J6-7
Added Net: Name=G3
Added Pin To Net: NetName=G4 Pin=J5-6
Added Pin To Net: NetName=G4 Pin=J6-6
Added Net: Name=G4
Added Pin To Net: NetName=G5 Pin=J5-5
Added Pin To Net: NetName=G5 Pin=J6-5
Added Net: Name=G5
Added Pin To Net: NetName=G6 Pin=J5-4
Added Pin To Net: NetName=G6 Pin=J6-4
Added Net: Name=G6
Added Pin To Net: NetName=G7 Pin=J5-3
Added Pin To Net: NetName=G7 Pin=J6-3
Added Net: Name=G7
Added Pin To Net: NetName=G8 Pin=J5-2
Added Pin To Net: NetName=G8 Pin=J6-2
Added Net: Name=G8
Added Pin To Net: NetName=G9 Pin=J3-3
Added Pin To Net: NetName=G9 Pin=J4-3
Added Net: Name=G9
Added Pin To Net: NetName=G10 Pin=J3-4
Added Pin To Net: NetName=G10 Pin=J4-4
Added Net: Name=G10
Added Pin To Net: NetName=G11 Pin=J5-1
Added Pin To Net: NetName=G11 Pin=J6-1
Added Net: Name=G11
Added Pin To Net: NetName=GND Pin=J1-1
Added Pin To Net: NetName=GND Pin=J2-1
Added Pin To Net: NetName=GND Pin=J7-1
Added Pin To Net: NetName=GND Pin=J8-1
Added Pin To Net: NetName=GND Pin=J9-1
Added Pin To Net: NetName=GND Pin=J10-1
Added Pin To Net: NetName=GND Pin=J11-1
Added Pin To Net: NetName=GND Pin=J12-1
Added Pin To Net: NetName=GND Pin=J15-11
Added Pin To Net: NetName=GND Pin=J16-11
Added Net: Name=GND
Added Pin To Net: NetName=I2C CLK Pin=J13-4
Added Pin To Net: NetName=I2C CLK Pin=J14-4
Added Net: Name=I2C CLK
Added Pin To Net: NetName=I2C FS Pin=J13-5
Added Pin To Net: NetName=I2C FS Pin=J14-5
Added Net: Name=I2C FS
Added Pin To Net: NetName=I2C INT Pin=J7-5
Added Pin To Net: NetName=I2C INT Pin=J8-5
Added Net: Name=I2C INT
Added Pin To Net: NetName=I2C SDI Pin=J13-6
Added Pin To Net: NetName=I2C SDI Pin=J14-6
Added Net: Name=I2C SDI
Added Pin To Net: NetName=I2C SDO Pin=J13-7
Added Pin To Net: NetName=I2C SDO Pin=J14-7
Added Net: Name=I2C SDO
Added Pin To Net: NetName=MCLK Pin=J13-8
Added Pin To Net: NetName=MCLK Pin=J14-8
Added Net: Name=MCLK
Added Pin To Net: NetName=PWM0 Pin=J3-6
Added Pin To Net: NetName=PWM0 Pin=J4-6
Added Net: Name=PWM0
Added Pin To Net: NetName=PWM1 Pin=J3-5
Added Pin To Net: NetName=PWM1 Pin=J4-5
Added Net: Name=PWM1
Added Pin To Net: NetName=RESET Pin=J1-2
Added Pin To Net: NetName=RESET Pin=J2-2
Added Net: Name=RESET
Added Pin To Net: NetName=RTS Pin=J13-3
Added Pin To Net: NetName=RTS Pin=J14-3
Added Net: Name=RTS
Added Pin To Net: NetName=RX2 Pin=J11-4
Added Pin To Net: NetName=RX2 Pin=J12-4
Added Net: Name=RX2
Added Pin To Net: NetName=RX Pin=J11-8
Added Pin To Net: NetName=RX Pin=J12-8
Added Net: Name=RX
Added Pin To Net: NetName=SCK1 Pin=J15-1
Added Pin To Net: NetName=SCK1 Pin=J16-1
Added Net: Name=SCK1
Added Pin To Net: NetName=SCK Pin=J15-9
Added Pin To Net: NetName=SCK Pin=J16-9
Added Net: Name=SCK
Added Pin To Net: NetName=SCL1 Pin=J9-4
Added Pin To Net: NetName=SCL1 Pin=J10-4
Added Net: Name=SCL1
Added Pin To Net: NetName=SCL Pin=J7-4
Added Pin To Net: NetName=SCL Pin=J8-4
Added Net: Name=SCL
Added Pin To Net: NetName=SDA1 Pin=J9-3
Added Pin To Net: NetName=SDA1 Pin=J10-3
Added Net: Name=SDA1
Added Pin To Net: NetName=SDA Pin=J7-3
Added Pin To Net: NetName=SDA Pin=J8-3
Added Net: Name=SDA
Added Pin To Net: NetName=TX2 Pin=J11-5
Added Pin To Net: NetName=TX2 Pin=J12-5
Added Pin To Net: NetName=TX2 Pin=J13-1
Added Pin To Net: NetName=TX2 Pin=J14-1
Added Net: Name=TX2
Added Pin To Net: NetName=VIN Pin=J1-4
Added Pin To Net: NetName=VIN Pin=J2-4
Added Net: Name=VIN
Added Class: Name=Shield_Schematic
